<?xml version="1.0" encoding="UTF-8"?>
<Site BuildName="(empty)"
	BuildStamp="20251103-0756-Experimental"
	Name="choigh"
	Generator="ctest-3.22.1"
	CompilerName="/usr/bin/g++"
	CompilerVersion="11.4.0"
	OSName="Linux"
	Hostname="choigh"
	OSRelease="6.1.0-1013-oem"
	OSVersion="#13-Ubuntu SMP PREEMPT_DYNAMIC Thu May 18 16:45:09 UTC 2023"
	OSPlatform="x86_64"
	Is64Bits="1"
	VendorString="GenuineIntel"
	VendorID="Intel Corporation"
	FamilyID="6"
	ModelID="183"
	ProcessorCacheSize="24576"
	NumberOfLogicalCPU="20"
	NumberOfPhysicalCPU="14"
	TotalVirtualMemory="2047"
	TotalPhysicalMemory="31776"
	LogicalProcessorsPerPhysical="1"
	ProcessorClockFrequency="3349.95"
	>
	<Testing>
		<StartDateTime>Nov 03 16:56 KST</StartDateTime>
		<StartTestTime>1762156586</StartTestTime>
		<TestList/>
		<EndDateTime>Nov 03 16:56 KST</EndDateTime>
		<EndTestTime>1762156586</EndTestTime>
		<ElapsedMinutes>0</ElapsedMinutes>
	</Testing>
</Site>
